
> initial-migration@1.0.0 start
> NODE_ENV=production ts-node run.ts 2>&1 | tee -a logs-prd.txt

Starting data migration...
Starting friendships migration...
Migrated 1000 friendships (offset: 0)
Migrated 1000 friendships (offset: 1000)
Migrated 1000 friendships (offset: 2000)
Migrated 1000 friendships (offset: 3000)
Migrated 1000 friendships (offset: 4000)
Migrated 1000 friendships (offset: 5000)
Migrated 1000 friendships (offset: 6000)
Migrated 1000 friendships (offset: 7000)
Migrated 1000 friendships (offset: 8000)
Migrated 1000 friendships (offset: 9000)
Migrated 1000 friendships (offset: 10000)
Migrated 1000 friendships (offset: 11000)
Migrated 1000 friendships (offset: 12000)
Migrated 1000 friendships (offset: 13000)
Migrated 1000 friendships (offset: 14000)
Migrated 1000 friendships (offset: 15000)
Migrated 1000 friendships (offset: 16000)
Migrated 1000 friendships (offset: 17000)
Migrated 1000 friendships (offset: 18000)
Migrated 1000 friendships (offset: 19000)
Migrated 1000 friendships (offset: 20000)
Migrated 1000 friendships (offset: 21000)
Migrated 1000 friendships (offset: 22000)
Migrated 1000 friendships (offset: 23000)
Migrated 1000 friendships (offset: 24000)
Migrated 1000 friendships (offset: 25000)
Migrated 1000 friendships (offset: 26000)
Migrated 1000 friendships (offset: 27000)
Migrated 1000 friendships (offset: 28000)
Migrated 1000 friendships (offset: 29000)
Migrated 1000 friendships (offset: 30000)
Migrated 1000 friendships (offset: 31000)
Migrated 1000 friendships (offset: 32000)
Migrated 1000 friendships (offset: 33000)
Migrated 1000 friendships (offset: 34000)
Migrated 1000 friendships (offset: 35000)
Migrated 1000 friendships (offset: 36000)
Migrated 1000 friendships (offset: 37000)
Migrated 1000 friendships (offset: 38000)
Migrated 1000 friendships (offset: 39000)
Migrated 1000 friendships (offset: 40000)
Migrated 1000 friendships (offset: 41000)
Migrated 1000 friendships (offset: 42000)
Migrated 1000 friendships (offset: 43000)
Migrated 1000 friendships (offset: 44000)
Migrated 1000 friendships (offset: 45000)
Migrated 1000 friendships (offset: 46000)
Migrated 1000 friendships (offset: 47000)
Migrated 1000 friendships (offset: 48000)
Migrated 1000 friendships (offset: 49000)
Migrated 1000 friendships (offset: 50000)
Migrated 1000 friendships (offset: 51000)
Migrated 1000 friendships (offset: 52000)
Migrated 1000 friendships (offset: 53000)
Migrated 1000 friendships (offset: 54000)
Migrated 1000 friendships (offset: 55000)
Migrated 1000 friendships (offset: 56000)
Migrated 1000 friendships (offset: 57000)
Migrated 1000 friendships (offset: 58000)
Migrated 1000 friendships (offset: 59000)
Migrated 1000 friendships (offset: 60000)
Migrated 1000 friendships (offset: 61000)
Migrated 1000 friendships (offset: 62000)
Migrated 1000 friendships (offset: 63000)
Migrated 1000 friendships (offset: 64000)
Migrated 1000 friendships (offset: 65000)
Migrated 1000 friendships (offset: 66000)
Migrated 1000 friendships (offset: 67000)
Migrated 1000 friendships (offset: 68000)
Migrated 1000 friendships (offset: 69000)
Migrated 1000 friendships (offset: 70000)
Migrated 1000 friendships (offset: 71000)
Migrated 1000 friendships (offset: 72000)
Migrated 1000 friendships (offset: 73000)
Migrated 1000 friendships (offset: 74000)
Migrated 1000 friendships (offset: 75000)
Migrated 1000 friendships (offset: 76000)
Migrated 1000 friendships (offset: 77000)
Migrated 1000 friendships (offset: 78000)
Migrated 1000 friendships (offset: 79000)
Migrated 1000 friendships (offset: 80000)
Migrated 1000 friendships (offset: 81000)
Migrated 1000 friendships (offset: 82000)
Migrated 1000 friendships (offset: 83000)
Migrated 1000 friendships (offset: 84000)
Migrated 1000 friendships (offset: 85000)
Migrated 1000 friendships (offset: 86000)
Migrated 1000 friendships (offset: 87000)
Migrated 1000 friendships (offset: 88000)
Migrated 1000 friendships (offset: 89000)
Migrated 1000 friendships (offset: 90000)
Migrated 1000 friendships (offset: 91000)
Migrated 1000 friendships (offset: 92000)
Migrated 1000 friendships (offset: 93000)
Migrated 1000 friendships (offset: 94000)
Migrated 1000 friendships (offset: 95000)
Migrated 1000 friendships (offset: 96000)
Migrated 1000 friendships (offset: 97000)
Migrated 1000 friendships (offset: 98000)
Migrated 1000 friendships (offset: 99000)
Migrated 1000 friendships (offset: 100000)
Migrated 1000 friendships (offset: 101000)
Migrated 1000 friendships (offset: 102000)
Migrated 1000 friendships (offset: 103000)
Migrated 1000 friendships (offset: 104000)
Migrated 1000 friendships (offset: 105000)
Migrated 1000 friendships (offset: 106000)
Migrated 1000 friendships (offset: 107000)
Migrated 1000 friendships (offset: 108000)
Migrated 1000 friendships (offset: 109000)
Migrated 1000 friendships (offset: 110000)
Migrated 1000 friendships (offset: 111000)
Migrated 1000 friendships (offset: 112000)
Migrated 1000 friendships (offset: 113000)
Migrated 1000 friendships (offset: 114000)
Migrated 1000 friendships (offset: 115000)
Migrated 1000 friendships (offset: 116000)
Migrated 1000 friendships (offset: 117000)
Migrated 1000 friendships (offset: 118000)
Migrated 1000 friendships (offset: 119000)
Migrated 1000 friendships (offset: 120000)
Migrated 1000 friendships (offset: 121000)
Migrated 1000 friendships (offset: 122000)
Migrated 1000 friendships (offset: 123000)
Migrated 1000 friendships (offset: 124000)
Migrated 1000 friendships (offset: 125000)
Migrated 1000 friendships (offset: 126000)
Migrated 1000 friendships (offset: 127000)
Migrated 1000 friendships (offset: 128000)
Migrated 1000 friendships (offset: 129000)
Migrated 1000 friendships (offset: 130000)
Migrated 1000 friendships (offset: 131000)
Migrated 1000 friendships (offset: 132000)
Migrated 1000 friendships (offset: 133000)
Migrated 1000 friendships (offset: 134000)
Migrated 1000 friendships (offset: 135000)
Migrated 1000 friendships (offset: 136000)
Migrated 1000 friendships (offset: 137000)
Migrated 1000 friendships (offset: 138000)
Migrated 1000 friendships (offset: 139000)
Migrated 1000 friendships (offset: 140000)
Migrated 1000 friendships (offset: 141000)
Migrated 1000 friendships (offset: 142000)
Migrated 1000 friendships (offset: 143000)
Migrated 1000 friendships (offset: 144000)
Migrated 1000 friendships (offset: 145000)
Migrated 1000 friendships (offset: 146000)
Migrated 1000 friendships (offset: 147000)
Migrated 1000 friendships (offset: 148000)
Migrated 1000 friendships (offset: 149000)
Migrated 1000 friendships (offset: 150000)
Migrated 1000 friendships (offset: 151000)
Migrated 1000 friendships (offset: 152000)
Migrated 1000 friendships (offset: 153000)
Migrated 1000 friendships (offset: 154000)
Migrated 1000 friendships (offset: 155000)
Migrated 1000 friendships (offset: 156000)
Migrated 1000 friendships (offset: 157000)
Migrated 1000 friendships (offset: 158000)
Migrated 1000 friendships (offset: 159000)
Migrated 1000 friendships (offset: 160000)
Migrated 1000 friendships (offset: 161000)
Migrated 1000 friendships (offset: 162000)
Migrated 1000 friendships (offset: 163000)
Migrated 1000 friendships (offset: 164000)
Migrated 1000 friendships (offset: 165000)
Migrated 1000 friendships (offset: 166000)
Migrated 1000 friendships (offset: 167000)
Migrated 1000 friendships (offset: 168000)
Migrated 1000 friendships (offset: 169000)
Migrated 1000 friendships (offset: 170000)
Migrated 1000 friendships (offset: 171000)
Migrated 1000 friendships (offset: 172000)
Migrated 1000 friendships (offset: 173000)
Migrated 1000 friendships (offset: 174000)
Migrated 1000 friendships (offset: 175000)
Migrated 1000 friendships (offset: 176000)
Migrated 1000 friendships (offset: 177000)
Migrated 1000 friendships (offset: 178000)
Migrated 1000 friendships (offset: 179000)
Migrated 1000 friendships (offset: 180000)
Migrated 1000 friendships (offset: 181000)
Migrated 1000 friendships (offset: 182000)
Migrated 1000 friendships (offset: 183000)
Migrated 1000 friendships (offset: 184000)
Migrated 1000 friendships (offset: 185000)
Migrated 1000 friendships (offset: 186000)
Migrated 1000 friendships (offset: 187000)
Migrated 1000 friendships (offset: 188000)
Migrated 1000 friendships (offset: 189000)
Migrated 1000 friendships (offset: 190000)
Migrated 1000 friendships (offset: 191000)
Migrated 1000 friendships (offset: 192000)
Migrated 1000 friendships (offset: 193000)
Migrated 1000 friendships (offset: 194000)
Migrated 1000 friendships (offset: 195000)
Migrated 1000 friendships (offset: 196000)
Migrated 1000 friendships (offset: 197000)
Migrated 1000 friendships (offset: 198000)
Migrated 1000 friendships (offset: 199000)
Migrated 1000 friendships (offset: 200000)
Migrated 1000 friendships (offset: 201000)
Migrated 1000 friendships (offset: 202000)
Migrated 1000 friendships (offset: 203000)
Migrated 1000 friendships (offset: 204000)
Migrated 1000 friendships (offset: 205000)
Migrated 1000 friendships (offset: 206000)
Migrated 1000 friendships (offset: 207000)
Migrated 1000 friendships (offset: 208000)
Migrated 1000 friendships (offset: 209000)
Migrated 1000 friendships (offset: 210000)
Migrated 1000 friendships (offset: 211000)
Migrated 1000 friendships (offset: 212000)
Migrated 1000 friendships (offset: 213000)
Migrated 1000 friendships (offset: 214000)
Migrated 1000 friendships (offset: 215000)
Migrated 1000 friendships (offset: 216000)
Migrated 1000 friendships (offset: 217000)
Migrated 1000 friendships (offset: 218000)
Migrated 1000 friendships (offset: 219000)
Migrated 1000 friendships (offset: 220000)
Migrated 1000 friendships (offset: 221000)
Migrated 1000 friendships (offset: 222000)
Migrated 1000 friendships (offset: 223000)
Migrated 1000 friendships (offset: 224000)
Migrated 1000 friendships (offset: 225000)
Migrated 1000 friendships (offset: 226000)
Migrated 1000 friendships (offset: 227000)
Migrated 1000 friendships (offset: 228000)
Migrated 1000 friendships (offset: 229000)
Migrated 1000 friendships (offset: 230000)
Migrated 1000 friendships (offset: 231000)
Migrated 1000 friendships (offset: 232000)
Migrated 1000 friendships (offset: 233000)
Migrated 1000 friendships (offset: 234000)
Migrated 1000 friendships (offset: 235000)
Migrated 1000 friendships (offset: 236000)
Migrated 1000 friendships (offset: 237000)
Migrated 1000 friendships (offset: 238000)
Migrated 1000 friendships (offset: 239000)
Migrated 1000 friendships (offset: 240000)
Migrated 1000 friendships (offset: 241000)
Migrated 1000 friendships (offset: 242000)
Migrated 1000 friendships (offset: 243000)
Migrated 1000 friendships (offset: 244000)
Migrated 1000 friendships (offset: 245000)
Migrated 1000 friendships (offset: 246000)
Migrated 1000 friendships (offset: 247000)
Migrated 1000 friendships (offset: 248000)
Migrated 1000 friendships (offset: 249000)
Migrated 1000 friendships (offset: 250000)
Migrated 1000 friendships (offset: 251000)
Migrated 1000 friendships (offset: 252000)
Migrated 1000 friendships (offset: 253000)
Migrated 1000 friendships (offset: 254000)
Migrated 1000 friendships (offset: 255000)
Migrated 1000 friendships (offset: 256000)
Migrated 1000 friendships (offset: 257000)
Migrated 1000 friendships (offset: 258000)
Migrated 1000 friendships (offset: 259000)
Migrated 1000 friendships (offset: 260000)
Migrated 1000 friendships (offset: 261000)
Migrated 1000 friendships (offset: 262000)
Migrated 1000 friendships (offset: 263000)
Migrated 1000 friendships (offset: 264000)
Migrated 1000 friendships (offset: 265000)
Migrated 1000 friendships (offset: 266000)
Migrated 1000 friendships (offset: 267000)
Migrated 1000 friendships (offset: 268000)
Migrated 1000 friendships (offset: 269000)
Migrated 1000 friendships (offset: 270000)
Migrated 1000 friendships (offset: 271000)
Migrated 1000 friendships (offset: 272000)
Migrated 1000 friendships (offset: 273000)
Migrated 1000 friendships (offset: 274000)
Migrated 1000 friendships (offset: 275000)
Migrated 1000 friendships (offset: 276000)
Migrated 1000 friendships (offset: 277000)
Migrated 1000 friendships (offset: 278000)
Migrated 1000 friendships (offset: 279000)
Migrated 1000 friendships (offset: 280000)
Migrated 1000 friendships (offset: 281000)
Migrated 1000 friendships (offset: 282000)
Migrated 1000 friendships (offset: 283000)
Migrated 1000 friendships (offset: 284000)
Migrated 1000 friendships (offset: 285000)
Migrated 1000 friendships (offset: 286000)
Migrated 1000 friendships (offset: 287000)
Migrated 1000 friendships (offset: 288000)
Migrated 1000 friendships (offset: 289000)
Migrated 1000 friendships (offset: 290000)
Migrated 1000 friendships (offset: 291000)
Migrated 1000 friendships (offset: 292000)
Migrated 1000 friendships (offset: 293000)
Migrated 1000 friendships (offset: 294000)
Migrated 1000 friendships (offset: 295000)
Migrated 1000 friendships (offset: 296000)
Migrated 1000 friendships (offset: 297000)
Migrated 1000 friendships (offset: 298000)
Migrated 1000 friendships (offset: 299000)
Migrated 1000 friendships (offset: 300000)
Migrated 1000 friendships (offset: 301000)
Migrated 1000 friendships (offset: 302000)
Migrated 1000 friendships (offset: 303000)
Migrated 1000 friendships (offset: 304000)
Migrated 1000 friendships (offset: 305000)
Migrated 1000 friendships (offset: 306000)
Migrated 1000 friendships (offset: 307000)
Migrated 1000 friendships (offset: 308000)
Migrated 1000 friendships (offset: 309000)
Migrated 1000 friendships (offset: 310000)
Migrated 1000 friendships (offset: 311000)
Migrated 1000 friendships (offset: 312000)
Migrated 1000 friendships (offset: 313000)
Migrated 1000 friendships (offset: 314000)
Migrated 1000 friendships (offset: 315000)
Migrated 1000 friendships (offset: 316000)
Migrated 1000 friendships (offset: 317000)
Migrated 1000 friendships (offset: 318000)
Migrated 1000 friendships (offset: 319000)
Migrated 1000 friendships (offset: 320000)
Migrated 1000 friendships (offset: 321000)
Migrated 1000 friendships (offset: 322000)
Migrated 1000 friendships (offset: 323000)
Migrated 1000 friendships (offset: 324000)
Migrated 1000 friendships (offset: 325000)
Migrated 1000 friendships (offset: 326000)
Migrated 1000 friendships (offset: 327000)
Migrated 1000 friendships (offset: 328000)
Migrated 1000 friendships (offset: 329000)
Migrated 1000 friendships (offset: 330000)
Migrated 1000 friendships (offset: 331000)
Migrated 1000 friendships (offset: 332000)
Migrated 1000 friendships (offset: 333000)
Migrated 1000 friendships (offset: 334000)
Migrated 1000 friendships (offset: 335000)
Migrated 1000 friendships (offset: 336000)
Migrated 1000 friendships (offset: 337000)
Migrated 1000 friendships (offset: 338000)
Migrated 1000 friendships (offset: 339000)
Migrated 1000 friendships (offset: 340000)
Migrated 1000 friendships (offset: 341000)
Migrated 1000 friendships (offset: 342000)
Migrated 1000 friendships (offset: 343000)
Migrated 1000 friendships (offset: 344000)
Migrated 1000 friendships (offset: 345000)
Migrated 1000 friendships (offset: 346000)
Migrated 1000 friendships (offset: 347000)
Migrated 1000 friendships (offset: 348000)
Migrated 1000 friendships (offset: 349000)
Migrated 1000 friendships (offset: 350000)
Migrated 1000 friendships (offset: 351000)
Migrated 1000 friendships (offset: 352000)
Migrated 1000 friendships (offset: 353000)
Migrated 1000 friendships (offset: 354000)
Migrated 1000 friendships (offset: 355000)
Migrated 1000 friendships (offset: 356000)
Migrated 1000 friendships (offset: 357000)
Migrated 1000 friendships (offset: 358000)
Migrated 1000 friendships (offset: 359000)
Migrated 1000 friendships (offset: 360000)
Migrated 1000 friendships (offset: 361000)
Migrated 1000 friendships (offset: 362000)
Migrated 1000 friendships (offset: 363000)
Migrated 1000 friendships (offset: 364000)
Migrated 1000 friendships (offset: 365000)
Migrated 1000 friendships (offset: 366000)
Migrated 1000 friendships (offset: 367000)
Migrated 1000 friendships (offset: 368000)
Migrated 1000 friendships (offset: 369000)
Migrated 1000 friendships (offset: 370000)
Migrated 1000 friendships (offset: 371000)
Migrated 1000 friendships (offset: 372000)
Migrated 1000 friendships (offset: 373000)
Migrated 1000 friendships (offset: 374000)
Migrated 1000 friendships (offset: 375000)
Migrated 1000 friendships (offset: 376000)
Migrated 1000 friendships (offset: 377000)
Migrated 1000 friendships (offset: 378000)
Migrated 1000 friendships (offset: 379000)
Migrated 1000 friendships (offset: 380000)
Migrated 1000 friendships (offset: 381000)
Migrated 1000 friendships (offset: 382000)
Migrated 1000 friendships (offset: 383000)
Migrated 1000 friendships (offset: 384000)
Migrated 1000 friendships (offset: 385000)
Migrated 1000 friendships (offset: 386000)
Migrated 1000 friendships (offset: 387000)
Migrated 1000 friendships (offset: 388000)
Migrated 1000 friendships (offset: 389000)
Migrated 1000 friendships (offset: 390000)
Migrated 1000 friendships (offset: 391000)
Migrated 1000 friendships (offset: 392000)
Migrated 1000 friendships (offset: 393000)
Migrated 1000 friendships (offset: 394000)
Migrated 1000 friendships (offset: 395000)
Migrated 1000 friendships (offset: 396000)
Migrated 1000 friendships (offset: 397000)
Migrated 1000 friendships (offset: 398000)
Migrated 1000 friendships (offset: 399000)
Migrated 1000 friendships (offset: 400000)
Migrated 1000 friendships (offset: 401000)
Migrated 1000 friendships (offset: 402000)
Migrated 1000 friendships (offset: 403000)
Migrated 1000 friendships (offset: 404000)
Migrated 1000 friendships (offset: 405000)
Migrated 1000 friendships (offset: 406000)
Migrated 1000 friendships (offset: 407000)
Migrated 1000 friendships (offset: 408000)
Migrated 1000 friendships (offset: 409000)
Migrated 1000 friendships (offset: 410000)
Migrated 1000 friendships (offset: 411000)
Migrated 1000 friendships (offset: 412000)
Migrated 1000 friendships (offset: 413000)
Migrated 1000 friendships (offset: 414000)
Migrated 1000 friendships (offset: 415000)
Migrated 1000 friendships (offset: 416000)
Migrated 1000 friendships (offset: 417000)
Migrated 1000 friendships (offset: 418000)
Migrated 1000 friendships (offset: 419000)
Migrated 1000 friendships (offset: 420000)
Migrated 1000 friendships (offset: 421000)
Migrated 1000 friendships (offset: 422000)
Migrated 1000 friendships (offset: 423000)
Migrated 1000 friendships (offset: 424000)
Migrated 1000 friendships (offset: 425000)
Migrated 1000 friendships (offset: 426000)
Migrated 1000 friendships (offset: 427000)
Migrated 1000 friendships (offset: 428000)
Migrated 1000 friendships (offset: 429000)
Migrated 1000 friendships (offset: 430000)
Migrated 1000 friendships (offset: 431000)
Migrated 1000 friendships (offset: 432000)
Migrated 1000 friendships (offset: 433000)
Migrated 1000 friendships (offset: 434000)
Migrated 1000 friendships (offset: 435000)
Migrated 1000 friendships (offset: 436000)
Migrated 1000 friendships (offset: 437000)
Migrated 1000 friendships (offset: 438000)
Migrated 1000 friendships (offset: 439000)
Migrated 1000 friendships (offset: 440000)
Migrated 1000 friendships (offset: 441000)
Migrated 1000 friendships (offset: 442000)
Migrated 1000 friendships (offset: 443000)
Migrated 1000 friendships (offset: 444000)
Migrated 1000 friendships (offset: 445000)
Migrated 1000 friendships (offset: 446000)
Migrated 1000 friendships (offset: 447000)
Migrated 1000 friendships (offset: 448000)
Migrated 1000 friendships (offset: 449000)
Migrated 1000 friendships (offset: 450000)
Migrated 1000 friendships (offset: 451000)
Migrated 1000 friendships (offset: 452000)
Migrated 1000 friendships (offset: 453000)
Migrated 1000 friendships (offset: 454000)
Migrated 1000 friendships (offset: 455000)
Migrated 1000 friendships (offset: 456000)
Migrated 1000 friendships (offset: 457000)
Migrated 70 friendships (offset: 458000)
Friendships migration completed.
Starting friendship history migration...
Migrated 1000 friendship history records (offset: 0)
Migrated 1000 friendship history records (offset: 1000)
Migrated 1000 friendship history records (offset: 2000)
Migrated 1000 friendship history records (offset: 3000)
Migrated 1000 friendship history records (offset: 4000)
Migrated 1000 friendship history records (offset: 5000)
Migrated 1000 friendship history records (offset: 6000)
Migrated 1000 friendship history records (offset: 7000)
Migrated 1000 friendship history records (offset: 8000)
Migrated 1000 friendship history records (offset: 9000)
Migrated 1000 friendship history records (offset: 10000)
Migrated 1000 friendship history records (offset: 11000)
Migrated 1000 friendship history records (offset: 12000)
Migrated 1000 friendship history records (offset: 13000)
Migrated 1000 friendship history records (offset: 14000)
Migrated 1000 friendship history records (offset: 15000)
Migrated 1000 friendship history records (offset: 16000)
Migrated 1000 friendship history records (offset: 17000)
Migrated 1000 friendship history records (offset: 18000)
Migrated 1000 friendship history records (offset: 19000)
Migrated 1000 friendship history records (offset: 20000)
Migrated 1000 friendship history records (offset: 21000)
Migrated 1000 friendship history records (offset: 22000)
Migrated 1000 friendship history records (offset: 23000)
Migrated 1000 friendship history records (offset: 24000)
Migrated 1000 friendship history records (offset: 25000)
Migrated 1000 friendship history records (offset: 26000)
Migrated 1000 friendship history records (offset: 27000)
Migrated 1000 friendship history records (offset: 28000)
Migrated 1000 friendship history records (offset: 29000)
Migrated 1000 friendship history records (offset: 30000)
Migrated 1000 friendship history records (offset: 31000)
Migrated 1000 friendship history records (offset: 32000)
Migrated 1000 friendship history records (offset: 33000)
Migrated 1000 friendship history records (offset: 34000)
Migrated 1000 friendship history records (offset: 35000)
Migrated 1000 friendship history records (offset: 36000)
Migrated 1000 friendship history records (offset: 37000)
Migrated 1000 friendship history records (offset: 38000)
Migrated 1000 friendship history records (offset: 39000)
Migrated 1000 friendship history records (offset: 40000)
Migrated 1000 friendship history records (offset: 41000)
Migrated 1000 friendship history records (offset: 42000)
Migrated 1000 friendship history records (offset: 43000)
Migrated 1000 friendship history records (offset: 44000)
Migrated 1000 friendship history records (offset: 45000)
Migrated 1000 friendship history records (offset: 46000)
Migrated 1000 friendship history records (offset: 47000)
Migrated 1000 friendship history records (offset: 48000)
Migrated 1000 friendship history records (offset: 49000)
Migrated 1000 friendship history records (offset: 50000)
Migrated 1000 friendship history records (offset: 51000)
Migrated 1000 friendship history records (offset: 52000)
Migrated 1000 friendship history records (offset: 53000)
Migrated 1000 friendship history records (offset: 54000)
Migrated 1000 friendship history records (offset: 55000)
Migrated 1000 friendship history records (offset: 56000)
Migrated 1000 friendship history records (offset: 57000)
Migrated 1000 friendship history records (offset: 58000)
Migrated 1000 friendship history records (offset: 59000)
Migrated 1000 friendship history records (offset: 60000)
Migrated 1000 friendship history records (offset: 61000)
Migrated 1000 friendship history records (offset: 62000)
Migrated 1000 friendship history records (offset: 63000)
Migrated 1000 friendship history records (offset: 64000)
Migrated 1000 friendship history records (offset: 65000)
Migrated 1000 friendship history records (offset: 66000)
Migrated 1000 friendship history records (offset: 67000)
Migrated 1000 friendship history records (offset: 68000)
Migrated 1000 friendship history records (offset: 69000)
Migrated 1000 friendship history records (offset: 70000)
Migrated 1000 friendship history records (offset: 71000)
Migrated 1000 friendship history records (offset: 72000)
Migrated 1000 friendship history records (offset: 73000)
Migrated 1000 friendship history records (offset: 74000)
Migrated 1000 friendship history records (offset: 75000)
Migrated 1000 friendship history records (offset: 76000)
Migrated 1000 friendship history records (offset: 77000)
Migrated 1000 friendship history records (offset: 78000)
Migrated 1000 friendship history records (offset: 79000)
Migrated 1000 friendship history records (offset: 80000)
Migrated 1000 friendship history records (offset: 81000)
Migrated 1000 friendship history records (offset: 82000)
Migrated 1000 friendship history records (offset: 83000)
Migrated 1000 friendship history records (offset: 84000)
Migrated 1000 friendship history records (offset: 85000)
Migrated 1000 friendship history records (offset: 86000)
Migrated 1000 friendship history records (offset: 87000)
Migrated 1000 friendship history records (offset: 88000)
Migrated 1000 friendship history records (offset: 89000)
Migrated 1000 friendship history records (offset: 90000)
Migrated 1000 friendship history records (offset: 91000)
Migrated 1000 friendship history records (offset: 92000)
Migrated 1000 friendship history records (offset: 93000)
Migrated 1000 friendship history records (offset: 94000)
Migrated 1000 friendship history records (offset: 95000)
Migrated 1000 friendship history records (offset: 96000)
Migrated 1000 friendship history records (offset: 97000)
Migrated 1000 friendship history records (offset: 98000)
Migrated 1000 friendship history records (offset: 99000)
Migrated 1000 friendship history records (offset: 100000)
Migrated 1000 friendship history records (offset: 101000)
Migrated 1000 friendship history records (offset: 102000)
Migrated 1000 friendship history records (offset: 103000)
Migrated 1000 friendship history records (offset: 104000)
Migrated 1000 friendship history records (offset: 105000)
Migrated 1000 friendship history records (offset: 106000)
Migrated 1000 friendship history records (offset: 107000)
Migrated 1000 friendship history records (offset: 108000)
Migrated 1000 friendship history records (offset: 109000)
Migrated 1000 friendship history records (offset: 110000)
Migrated 1000 friendship history records (offset: 111000)
Migrated 1000 friendship history records (offset: 112000)
Migrated 1000 friendship history records (offset: 113000)
Migrated 1000 friendship history records (offset: 114000)
Migrated 1000 friendship history records (offset: 115000)
Migrated 1000 friendship history records (offset: 116000)
Migrated 1000 friendship history records (offset: 117000)
Migrated 1000 friendship history records (offset: 118000)
Migrated 1000 friendship history records (offset: 119000)
Migrated 1000 friendship history records (offset: 120000)
Migrated 1000 friendship history records (offset: 121000)
Migrated 1000 friendship history records (offset: 122000)
Migrated 1000 friendship history records (offset: 123000)
Migrated 1000 friendship history records (offset: 124000)
Migrated 1000 friendship history records (offset: 125000)
Migrated 1000 friendship history records (offset: 126000)
Migrated 1000 friendship history records (offset: 127000)
Migrated 1000 friendship history records (offset: 128000)
Migrated 1000 friendship history records (offset: 129000)
Migrated 1000 friendship history records (offset: 130000)
Migrated 1000 friendship history records (offset: 131000)
Migrated 1000 friendship history records (offset: 132000)
Migrated 1000 friendship history records (offset: 133000)
Migrated 1000 friendship history records (offset: 134000)
Migrated 1000 friendship history records (offset: 135000)
Migrated 1000 friendship history records (offset: 136000)
Migrated 1000 friendship history records (offset: 137000)
Migrated 1000 friendship history records (offset: 138000)
Migrated 1000 friendship history records (offset: 139000)
Migrated 1000 friendship history records (offset: 140000)
Migrated 1000 friendship history records (offset: 141000)
Migrated 1000 friendship history records (offset: 142000)
Migrated 1000 friendship history records (offset: 143000)
Migrated 1000 friendship history records (offset: 144000)
Migrated 1000 friendship history records (offset: 145000)
Migrated 1000 friendship history records (offset: 146000)
Migrated 1000 friendship history records (offset: 147000)
Migrated 1000 friendship history records (offset: 148000)
Migrated 1000 friendship history records (offset: 149000)
Migrated 1000 friendship history records (offset: 150000)
Migrated 1000 friendship history records (offset: 151000)
Migrated 1000 friendship history records (offset: 152000)
Migrated 1000 friendship history records (offset: 153000)
Migrated 1000 friendship history records (offset: 154000)
Migrated 1000 friendship history records (offset: 155000)
Migrated 1000 friendship history records (offset: 156000)
Migrated 1000 friendship history records (offset: 157000)
Migrated 1000 friendship history records (offset: 158000)
Migrated 1000 friendship history records (offset: 159000)
Migrated 1000 friendship history records (offset: 160000)
Migrated 1000 friendship history records (offset: 161000)
Migrated 1000 friendship history records (offset: 162000)
Migrated 1000 friendship history records (offset: 163000)
Migrated 1000 friendship history records (offset: 164000)
Migrated 1000 friendship history records (offset: 165000)
Migrated 1000 friendship history records (offset: 166000)
Migrated 1000 friendship history records (offset: 167000)
Migrated 1000 friendship history records (offset: 168000)
Migrated 1000 friendship history records (offset: 169000)
Migrated 1000 friendship history records (offset: 170000)
Migrated 1000 friendship history records (offset: 171000)
Migrated 1000 friendship history records (offset: 172000)
Migrated 1000 friendship history records (offset: 173000)
Migrated 1000 friendship history records (offset: 174000)
Migrated 1000 friendship history records (offset: 175000)
Migrated 1000 friendship history records (offset: 176000)
Migrated 1000 friendship history records (offset: 177000)
Migrated 1000 friendship history records (offset: 178000)
Migrated 1000 friendship history records (offset: 179000)
Migrated 1000 friendship history records (offset: 180000)
Migrated 1000 friendship history records (offset: 181000)
Migrated 1000 friendship history records (offset: 182000)
Migrated 1000 friendship history records (offset: 183000)
Migrated 1000 friendship history records (offset: 184000)
Migrated 1000 friendship history records (offset: 185000)
Migrated 1000 friendship history records (offset: 186000)
Migrated 1000 friendship history records (offset: 187000)
Migrated 1000 friendship history records (offset: 188000)
Migrated 1000 friendship history records (offset: 189000)
Migrated 1000 friendship history records (offset: 190000)
Migrated 1000 friendship history records (offset: 191000)
Migrated 1000 friendship history records (offset: 192000)
Migrated 1000 friendship history records (offset: 193000)
Migrated 1000 friendship history records (offset: 194000)
Migrated 1000 friendship history records (offset: 195000)
Migrated 1000 friendship history records (offset: 196000)
Migrated 1000 friendship history records (offset: 197000)
Migrated 1000 friendship history records (offset: 198000)
Migrated 1000 friendship history records (offset: 199000)
Migrated 1000 friendship history records (offset: 200000)
Migrated 1000 friendship history records (offset: 201000)
Migrated 1000 friendship history records (offset: 202000)
Migrated 1000 friendship history records (offset: 203000)
Migrated 1000 friendship history records (offset: 204000)
Migrated 1000 friendship history records (offset: 205000)
Migrated 1000 friendship history records (offset: 206000)
Migrated 1000 friendship history records (offset: 207000)
Migrated 1000 friendship history records (offset: 208000)
Migrated 1000 friendship history records (offset: 209000)
Migrated 1000 friendship history records (offset: 210000)
Migrated 1000 friendship history records (offset: 211000)
Migrated 1000 friendship history records (offset: 212000)
Migrated 1000 friendship history records (offset: 213000)
Migrated 1000 friendship history records (offset: 214000)
Migrated 1000 friendship history records (offset: 215000)
Migrated 1000 friendship history records (offset: 216000)
Migrated 1000 friendship history records (offset: 217000)
Migrated 1000 friendship history records (offset: 218000)
Migrated 1000 friendship history records (offset: 219000)
Migrated 1000 friendship history records (offset: 220000)
Migrated 1000 friendship history records (offset: 221000)
Migrated 1000 friendship history records (offset: 222000)
Migrated 1000 friendship history records (offset: 223000)
Migrated 1000 friendship history records (offset: 224000)
Migrated 1000 friendship history records (offset: 225000)
Migrated 1000 friendship history records (offset: 226000)
Migrated 1000 friendship history records (offset: 227000)
Migrated 1000 friendship history records (offset: 228000)
Migrated 1000 friendship history records (offset: 229000)
Migrated 1000 friendship history records (offset: 230000)
Migrated 1000 friendship history records (offset: 231000)
Migrated 1000 friendship history records (offset: 232000)
Migrated 1000 friendship history records (offset: 233000)
Migrated 1000 friendship history records (offset: 234000)
Migrated 1000 friendship history records (offset: 235000)
Migrated 1000 friendship history records (offset: 236000)
Migrated 1000 friendship history records (offset: 237000)
Migrated 1000 friendship history records (offset: 238000)
Migrated 1000 friendship history records (offset: 239000)
Migrated 1000 friendship history records (offset: 240000)
Migrated 1000 friendship history records (offset: 241000)
Migrated 1000 friendship history records (offset: 242000)
Migrated 1000 friendship history records (offset: 243000)
Migrated 1000 friendship history records (offset: 244000)
Migrated 1000 friendship history records (offset: 245000)
Migrated 1000 friendship history records (offset: 246000)
Migrated 1000 friendship history records (offset: 247000)
Migrated 1000 friendship history records (offset: 248000)
Migrated 1000 friendship history records (offset: 249000)
Migrated 1000 friendship history records (offset: 250000)
Migrated 1000 friendship history records (offset: 251000)
Migrated 1000 friendship history records (offset: 252000)
Migrated 1000 friendship history records (offset: 253000)
Migrated 1000 friendship history records (offset: 254000)
Migrated 1000 friendship history records (offset: 255000)
Migrated 1000 friendship history records (offset: 256000)
Migrated 1000 friendship history records (offset: 257000)
Migrated 1000 friendship history records (offset: 258000)
Migrated 1000 friendship history records (offset: 259000)
Migrated 1000 friendship history records (offset: 260000)
Migrated 1000 friendship history records (offset: 261000)
Migrated 1000 friendship history records (offset: 262000)
Migrated 1000 friendship history records (offset: 263000)
Migrated 1000 friendship history records (offset: 264000)
Migrated 1000 friendship history records (offset: 265000)
Migrated 1000 friendship history records (offset: 266000)
Migrated 1000 friendship history records (offset: 267000)
Migrated 1000 friendship history records (offset: 268000)
Migrated 1000 friendship history records (offset: 269000)
Migrated 1000 friendship history records (offset: 270000)
Migrated 1000 friendship history records (offset: 271000)
Migrated 1000 friendship history records (offset: 272000)
Migrated 1000 friendship history records (offset: 273000)
Migrated 1000 friendship history records (offset: 274000)
Migrated 1000 friendship history records (offset: 275000)
Migrated 1000 friendship history records (offset: 276000)
Migrated 1000 friendship history records (offset: 277000)
Migrated 1000 friendship history records (offset: 278000)
Migrated 1000 friendship history records (offset: 279000)
Migrated 1000 friendship history records (offset: 280000)
Migrated 1000 friendship history records (offset: 281000)
Migrated 1000 friendship history records (offset: 282000)
Migrated 1000 friendship history records (offset: 283000)
Migrated 1000 friendship history records (offset: 284000)
Migrated 1000 friendship history records (offset: 285000)
Migrated 1000 friendship history records (offset: 286000)
Migrated 1000 friendship history records (offset: 287000)
Migrated 1000 friendship history records (offset: 288000)
Migrated 1000 friendship history records (offset: 289000)
Migrated 1000 friendship history records (offset: 290000)
Migrated 1000 friendship history records (offset: 291000)
Migrated 1000 friendship history records (offset: 292000)
Migrated 1000 friendship history records (offset: 293000)
Migrated 1000 friendship history records (offset: 294000)
Migrated 1000 friendship history records (offset: 295000)
Migrated 1000 friendship history records (offset: 296000)
Migrated 1000 friendship history records (offset: 297000)
Migrated 1000 friendship history records (offset: 298000)
Migrated 1000 friendship history records (offset: 299000)
Migrated 1000 friendship history records (offset: 300000)
Migrated 1000 friendship history records (offset: 301000)
Migrated 1000 friendship history records (offset: 302000)
Migrated 1000 friendship history records (offset: 303000)
Migrated 1000 friendship history records (offset: 304000)
Migrated 1000 friendship history records (offset: 305000)
Migrated 1000 friendship history records (offset: 306000)
Migrated 1000 friendship history records (offset: 307000)
Migrated 1000 friendship history records (offset: 308000)
Migrated 1000 friendship history records (offset: 309000)
Migrated 1000 friendship history records (offset: 310000)
Migrated 1000 friendship history records (offset: 311000)
Migrated 1000 friendship history records (offset: 312000)
Migrated 1000 friendship history records (offset: 313000)
Migrated 1000 friendship history records (offset: 314000)
Migrated 1000 friendship history records (offset: 315000)
Migrated 1000 friendship history records (offset: 316000)
Migrated 1000 friendship history records (offset: 317000)
Migrated 1000 friendship history records (offset: 318000)
Migrated 1000 friendship history records (offset: 319000)
Migrated 1000 friendship history records (offset: 320000)
Migrated 1000 friendship history records (offset: 321000)
Migrated 1000 friendship history records (offset: 322000)
Migrated 1000 friendship history records (offset: 323000)
Migrated 1000 friendship history records (offset: 324000)
Migrated 1000 friendship history records (offset: 325000)
Migrated 1000 friendship history records (offset: 326000)
Migrated 1000 friendship history records (offset: 327000)
Migrated 1000 friendship history records (offset: 328000)
Migrated 1000 friendship history records (offset: 329000)
Migrated 1000 friendship history records (offset: 330000)
Migrated 1000 friendship history records (offset: 331000)
Migrated 1000 friendship history records (offset: 332000)
Migrated 1000 friendship history records (offset: 333000)
Migrated 1000 friendship history records (offset: 334000)
Migrated 1000 friendship history records (offset: 335000)
Migrated 1000 friendship history records (offset: 336000)
Migrated 1000 friendship history records (offset: 337000)
Migrated 1000 friendship history records (offset: 338000)
Migrated 1000 friendship history records (offset: 339000)
Migrated 1000 friendship history records (offset: 340000)
Migrated 1000 friendship history records (offset: 341000)
Migrated 1000 friendship history records (offset: 342000)
Migrated 1000 friendship history records (offset: 343000)
Migrated 1000 friendship history records (offset: 344000)
Migrated 1000 friendship history records (offset: 345000)
Migrated 1000 friendship history records (offset: 346000)
Migrated 1000 friendship history records (offset: 347000)
Migrated 1000 friendship history records (offset: 348000)
Migrated 1000 friendship history records (offset: 349000)
Migrated 1000 friendship history records (offset: 350000)
Migrated 1000 friendship history records (offset: 351000)
Migrated 1000 friendship history records (offset: 352000)
Migrated 1000 friendship history records (offset: 353000)
Migrated 1000 friendship history records (offset: 354000)
Migrated 1000 friendship history records (offset: 355000)
Migrated 1000 friendship history records (offset: 356000)
Migrated 1000 friendship history records (offset: 357000)
Migrated 1000 friendship history records (offset: 358000)
Migrated 1000 friendship history records (offset: 359000)
Migrated 1000 friendship history records (offset: 360000)
Migrated 1000 friendship history records (offset: 361000)
Migrated 1000 friendship history records (offset: 362000)
Migrated 1000 friendship history records (offset: 363000)
Migrated 1000 friendship history records (offset: 364000)
Migrated 1000 friendship history records (offset: 365000)
Migrated 1000 friendship history records (offset: 366000)
Migrated 1000 friendship history records (offset: 367000)
Migrated 1000 friendship history records (offset: 368000)
Migrated 1000 friendship history records (offset: 369000)
Migrated 1000 friendship history records (offset: 370000)
Migrated 1000 friendship history records (offset: 371000)
Migrated 1000 friendship history records (offset: 372000)
Migrated 1000 friendship history records (offset: 373000)
Migrated 1000 friendship history records (offset: 374000)
Migrated 1000 friendship history records (offset: 375000)
Migrated 1000 friendship history records (offset: 376000)
Migrated 1000 friendship history records (offset: 377000)
Migrated 1000 friendship history records (offset: 378000)
Migrated 1000 friendship history records (offset: 379000)
Migrated 1000 friendship history records (offset: 380000)
Migrated 1000 friendship history records (offset: 381000)
Migrated 1000 friendship history records (offset: 382000)
Migrated 1000 friendship history records (offset: 383000)
Migrated 1000 friendship history records (offset: 384000)
Migrated 1000 friendship history records (offset: 385000)
Migrated 1000 friendship history records (offset: 386000)
Migrated 1000 friendship history records (offset: 387000)
Migrated 1000 friendship history records (offset: 388000)
Migrated 1000 friendship history records (offset: 389000)
Migrated 1000 friendship history records (offset: 390000)
Migrated 1000 friendship history records (offset: 391000)
Migrated 1000 friendship history records (offset: 392000)
Migrated 1000 friendship history records (offset: 393000)
Migrated 1000 friendship history records (offset: 394000)
Migrated 1000 friendship history records (offset: 395000)
Migrated 1000 friendship history records (offset: 396000)
Migrated 1000 friendship history records (offset: 397000)
Migrated 1000 friendship history records (offset: 398000)
Migrated 1000 friendship history records (offset: 399000)
Migrated 1000 friendship history records (offset: 400000)
Migrated 1000 friendship history records (offset: 401000)
Migrated 1000 friendship history records (offset: 402000)
Migrated 1000 friendship history records (offset: 403000)
Migrated 1000 friendship history records (offset: 404000)
Migrated 1000 friendship history records (offset: 405000)
Migrated 1000 friendship history records (offset: 406000)
Migrated 1000 friendship history records (offset: 407000)
Migrated 1000 friendship history records (offset: 408000)
Migrated 1000 friendship history records (offset: 409000)
Migrated 1000 friendship history records (offset: 410000)
Migrated 1000 friendship history records (offset: 411000)
Migrated 1000 friendship history records (offset: 412000)
Migrated 1000 friendship history records (offset: 413000)
Migrated 1000 friendship history records (offset: 414000)
Migrated 1000 friendship history records (offset: 415000)
Migrated 1000 friendship history records (offset: 416000)
Migrated 1000 friendship history records (offset: 417000)
Migrated 1000 friendship history records (offset: 418000)
Migrated 1000 friendship history records (offset: 419000)
Migrated 1000 friendship history records (offset: 420000)
Migrated 1000 friendship history records (offset: 421000)
Migrated 1000 friendship history records (offset: 422000)
Migrated 1000 friendship history records (offset: 423000)
Migrated 1000 friendship history records (offset: 424000)
Migrated 1000 friendship history records (offset: 425000)
Migrated 1000 friendship history records (offset: 426000)
Migrated 1000 friendship history records (offset: 427000)
Migrated 1000 friendship history records (offset: 428000)
Migrated 1000 friendship history records (offset: 429000)
Migrated 1000 friendship history records (offset: 430000)
Migrated 1000 friendship history records (offset: 431000)
Migrated 1000 friendship history records (offset: 432000)
Migrated 1000 friendship history records (offset: 433000)
Migrated 1000 friendship history records (offset: 434000)
Migrated 1000 friendship history records (offset: 435000)
Migrated 1000 friendship history records (offset: 436000)
Migrated 1000 friendship history records (offset: 437000)
Migrated 1000 friendship history records (offset: 438000)
Migrated 1000 friendship history records (offset: 439000)
Migrated 1000 friendship history records (offset: 440000)
Migrated 1000 friendship history records (offset: 441000)
Migrated 1000 friendship history records (offset: 442000)
Migrated 1000 friendship history records (offset: 443000)
Migrated 1000 friendship history records (offset: 444000)
Migrated 1000 friendship history records (offset: 445000)
Migrated 1000 friendship history records (offset: 446000)
Migrated 1000 friendship history records (offset: 447000)
Migrated 1000 friendship history records (offset: 448000)
Migrated 1000 friendship history records (offset: 449000)
Migrated 1000 friendship history records (offset: 450000)
Migrated 1000 friendship history records (offset: 451000)
Migrated 1000 friendship history records (offset: 452000)
Migrated 1000 friendship history records (offset: 453000)
Migrated 1000 friendship history records (offset: 454000)
Migrated 1000 friendship history records (offset: 455000)
Migrated 1000 friendship history records (offset: 456000)
Migrated 1000 friendship history records (offset: 457000)
Migrated 1000 friendship history records (offset: 458000)
Migrated 1000 friendship history records (offset: 459000)
Migrated 1000 friendship history records (offset: 460000)
Migrated 1000 friendship history records (offset: 461000)
Migrated 1000 friendship history records (offset: 462000)
Migrated 1000 friendship history records (offset: 463000)
Migrated 1000 friendship history records (offset: 464000)
Migrated 1000 friendship history records (offset: 465000)
Migrated 1000 friendship history records (offset: 466000)
Migrated 1000 friendship history records (offset: 467000)
Migrated 1000 friendship history records (offset: 468000)
Migrated 1000 friendship history records (offset: 469000)
Migrated 1000 friendship history records (offset: 470000)
Migrated 1000 friendship history records (offset: 471000)
Migrated 1000 friendship history records (offset: 472000)
Migrated 1000 friendship history records (offset: 473000)
Migrated 1000 friendship history records (offset: 474000)
Migrated 1000 friendship history records (offset: 475000)
Migrated 1000 friendship history records (offset: 476000)
Migrated 1000 friendship history records (offset: 477000)
Migrated 1000 friendship history records (offset: 478000)
Migrated 1000 friendship history records (offset: 479000)
Migrated 1000 friendship history records (offset: 480000)
Migrated 1000 friendship history records (offset: 481000)
Migrated 1000 friendship history records (offset: 482000)
Migrated 1000 friendship history records (offset: 483000)
Migrated 1000 friendship history records (offset: 484000)
Migrated 1000 friendship history records (offset: 485000)
Migrated 1000 friendship history records (offset: 486000)
Migrated 1000 friendship history records (offset: 487000)
Migrated 1000 friendship history records (offset: 488000)
Migrated 1000 friendship history records (offset: 489000)
Migrated 1000 friendship history records (offset: 490000)
Migrated 1000 friendship history records (offset: 491000)
Migrated 1000 friendship history records (offset: 492000)
Migrated 1000 friendship history records (offset: 493000)
Migrated 1000 friendship history records (offset: 494000)
Migrated 1000 friendship history records (offset: 495000)
Migrated 1000 friendship history records (offset: 496000)
Migrated 1000 friendship history records (offset: 497000)
Migrated 1000 friendship history records (offset: 498000)
Migrated 1000 friendship history records (offset: 499000)
Migrated 1000 friendship history records (offset: 500000)
Migrated 1000 friendship history records (offset: 501000)
Migrated 1000 friendship history records (offset: 502000)
Migrated 1000 friendship history records (offset: 503000)
Migrated 1000 friendship history records (offset: 504000)
Migrated 1000 friendship history records (offset: 505000)
Migrated 1000 friendship history records (offset: 506000)
Migrated 1000 friendship history records (offset: 507000)
Migrated 1000 friendship history records (offset: 508000)
Migrated 1000 friendship history records (offset: 509000)
Migrated 1000 friendship history records (offset: 510000)
Migrated 1000 friendship history records (offset: 511000)
Migrated 1000 friendship history records (offset: 512000)
Migrated 1000 friendship history records (offset: 513000)
Migrated 1000 friendship history records (offset: 514000)
Migrated 1000 friendship history records (offset: 515000)
Migrated 1000 friendship history records (offset: 516000)
Migrated 1000 friendship history records (offset: 517000)
Migrated 1000 friendship history records (offset: 518000)
Migrated 1000 friendship history records (offset: 519000)
Migrated 1000 friendship history records (offset: 520000)
Migrated 1000 friendship history records (offset: 521000)
Migrated 1000 friendship history records (offset: 522000)
Migrated 1000 friendship history records (offset: 523000)
Migrated 1000 friendship history records (offset: 524000)
Migrated 1000 friendship history records (offset: 525000)
Migrated 1000 friendship history records (offset: 526000)
Migrated 1000 friendship history records (offset: 527000)
Migrated 1000 friendship history records (offset: 528000)
Migrated 1000 friendship history records (offset: 529000)
Migrated 1000 friendship history records (offset: 530000)
Migrated 1000 friendship history records (offset: 531000)
Migrated 1000 friendship history records (offset: 532000)
Migrated 1000 friendship history records (offset: 533000)
Migrated 1000 friendship history records (offset: 534000)
Migrated 1000 friendship history records (offset: 535000)
Migrated 1000 friendship history records (offset: 536000)
Migrated 1000 friendship history records (offset: 537000)
Migrated 1000 friendship history records (offset: 538000)
Migrated 1000 friendship history records (offset: 539000)
Migrated 1000 friendship history records (offset: 540000)
Migrated 1000 friendship history records (offset: 541000)
Migrated 1000 friendship history records (offset: 542000)
Migrated 1000 friendship history records (offset: 543000)
Migrated 1000 friendship history records (offset: 544000)
Migrated 1000 friendship history records (offset: 545000)
Migrated 1000 friendship history records (offset: 546000)
Migrated 1000 friendship history records (offset: 547000)
Migrated 1000 friendship history records (offset: 548000)
Migrated 1000 friendship history records (offset: 549000)
Migrated 1000 friendship history records (offset: 550000)
Migrated 1000 friendship history records (offset: 551000)
Migrated 1000 friendship history records (offset: 552000)
Migrated 1000 friendship history records (offset: 553000)
Migrated 1000 friendship history records (offset: 554000)
Migrated 1000 friendship history records (offset: 555000)
Migrated 1000 friendship history records (offset: 556000)
Migrated 1000 friendship history records (offset: 557000)
Migrated 1000 friendship history records (offset: 558000)
Migrated 1000 friendship history records (offset: 559000)
Migrated 1000 friendship history records (offset: 560000)
Migrated 1000 friendship history records (offset: 561000)
Migrated 1000 friendship history records (offset: 562000)
Migrated 1000 friendship history records (offset: 563000)
Migrated 1000 friendship history records (offset: 564000)
Migrated 1000 friendship history records (offset: 565000)
Migrated 1000 friendship history records (offset: 566000)
Migrated 1000 friendship history records (offset: 567000)
Migrated 1000 friendship history records (offset: 568000)
Migrated 1000 friendship history records (offset: 569000)
Migrated 1000 friendship history records (offset: 570000)
Migrated 1000 friendship history records (offset: 571000)
Migrated 1000 friendship history records (offset: 572000)
Migrated 1000 friendship history records (offset: 573000)
Migrated 1000 friendship history records (offset: 574000)
Migrated 1000 friendship history records (offset: 575000)
Migrated 1000 friendship history records (offset: 576000)
Migrated 1000 friendship history records (offset: 577000)
Migrated 1000 friendship history records (offset: 578000)
Migrated 1000 friendship history records (offset: 579000)
Migrated 1000 friendship history records (offset: 580000)
Migrated 1000 friendship history records (offset: 581000)
Migrated 1000 friendship history records (offset: 582000)
Migrated 1000 friendship history records (offset: 583000)
Migrated 1000 friendship history records (offset: 584000)
Migrated 1000 friendship history records (offset: 585000)
Migrated 1000 friendship history records (offset: 586000)
Migrated 1000 friendship history records (offset: 587000)
Migrated 1000 friendship history records (offset: 588000)
Migrated 1000 friendship history records (offset: 589000)
Migrated 1000 friendship history records (offset: 590000)
Migrated 1000 friendship history records (offset: 591000)
Migrated 1000 friendship history records (offset: 592000)
Migrated 1000 friendship history records (offset: 593000)
Migrated 1000 friendship history records (offset: 594000)
Migrated 1000 friendship history records (offset: 595000)
Migrated 1000 friendship history records (offset: 596000)
Migrated 1000 friendship history records (offset: 597000)
Migrated 1000 friendship history records (offset: 598000)
Migrated 1000 friendship history records (offset: 599000)
Migrated 1000 friendship history records (offset: 600000)
Migrated 1000 friendship history records (offset: 601000)
Migrated 1000 friendship history records (offset: 602000)
Migrated 1000 friendship history records (offset: 603000)
Migrated 1000 friendship history records (offset: 604000)
Migrated 1000 friendship history records (offset: 605000)
Migrated 1000 friendship history records (offset: 606000)
Migrated 1000 friendship history records (offset: 607000)
Migrated 1000 friendship history records (offset: 608000)
Migrated 1000 friendship history records (offset: 609000)
Migrated 1000 friendship history records (offset: 610000)
Migrated 1000 friendship history records (offset: 611000)
Migrated 1000 friendship history records (offset: 612000)
Migrated 1000 friendship history records (offset: 613000)
Migrated 1000 friendship history records (offset: 614000)
Migrated 1000 friendship history records (offset: 615000)
Migrated 1000 friendship history records (offset: 616000)
Migrated 1000 friendship history records (offset: 617000)
Migrated 1000 friendship history records (offset: 618000)
Migrated 1000 friendship history records (offset: 619000)
Migrated 1000 friendship history records (offset: 620000)
Migrated 1000 friendship history records (offset: 621000)
Migrated 1000 friendship history records (offset: 622000)
Migrated 1000 friendship history records (offset: 623000)
Migrated 1000 friendship history records (offset: 624000)
Migrated 1000 friendship history records (offset: 625000)
Migrated 1000 friendship history records (offset: 626000)
Migrated 1000 friendship history records (offset: 627000)
Migrated 1000 friendship history records (offset: 628000)
Migrated 1000 friendship history records (offset: 629000)
Migrated 1000 friendship history records (offset: 630000)
Migrated 1000 friendship history records (offset: 631000)
Migrated 1000 friendship history records (offset: 632000)
Migrated 1000 friendship history records (offset: 633000)
Migrated 1000 friendship history records (offset: 634000)
Migrated 1000 friendship history records (offset: 635000)
Migrated 1000 friendship history records (offset: 636000)
Migrated 1000 friendship history records (offset: 637000)
Migrated 1000 friendship history records (offset: 638000)
Migrated 1000 friendship history records (offset: 639000)
Migrated 1000 friendship history records (offset: 640000)
Migrated 1000 friendship history records (offset: 641000)
Migrated 1000 friendship history records (offset: 642000)
Migrated 1000 friendship history records (offset: 643000)
Migrated 1000 friendship history records (offset: 644000)
Migrated 1000 friendship history records (offset: 645000)
Migrated 1000 friendship history records (offset: 646000)
Migrated 1000 friendship history records (offset: 647000)
Migrated 1000 friendship history records (offset: 648000)
Migrated 1000 friendship history records (offset: 649000)
Migrated 1000 friendship history records (offset: 650000)
Migrated 1000 friendship history records (offset: 651000)
Migrated 1000 friendship history records (offset: 652000)
Migrated 1000 friendship history records (offset: 653000)
Migrated 1000 friendship history records (offset: 654000)
Migrated 1000 friendship history records (offset: 655000)
Migrated 1000 friendship history records (offset: 656000)
Migrated 1000 friendship history records (offset: 657000)
Migrated 1000 friendship history records (offset: 658000)
Migrated 1000 friendship history records (offset: 659000)
Migrated 1000 friendship history records (offset: 660000)
Migrated 1000 friendship history records (offset: 661000)
Migrated 1000 friendship history records (offset: 662000)
Migrated 1000 friendship history records (offset: 663000)
Migrated 1000 friendship history records (offset: 664000)
Migrated 1000 friendship history records (offset: 665000)
Migrated 1000 friendship history records (offset: 666000)
Migrated 1000 friendship history records (offset: 667000)
Migrated 1000 friendship history records (offset: 668000)
Migrated 1000 friendship history records (offset: 669000)
Migrated 1000 friendship history records (offset: 670000)
Migrated 1000 friendship history records (offset: 671000)
Migrated 1000 friendship history records (offset: 672000)
Migrated 1000 friendship history records (offset: 673000)
Migrated 1000 friendship history records (offset: 674000)
Migrated 1000 friendship history records (offset: 675000)
Migrated 1000 friendship history records (offset: 676000)
Migrated 1000 friendship history records (offset: 677000)
Migrated 1000 friendship history records (offset: 678000)
Migrated 1000 friendship history records (offset: 679000)
Migrated 1000 friendship history records (offset: 680000)
Migrated 1000 friendship history records (offset: 681000)
Migrated 1000 friendship history records (offset: 682000)
Migrated 1000 friendship history records (offset: 683000)
Migrated 1000 friendship history records (offset: 684000)
Migrated 1000 friendship history records (offset: 685000)
Migrated 1000 friendship history records (offset: 686000)
Migrated 1000 friendship history records (offset: 687000)
Migrated 1000 friendship history records (offset: 688000)
Migrated 1000 friendship history records (offset: 689000)
Migrated 1000 friendship history records (offset: 690000)
Migrated 1000 friendship history records (offset: 691000)
Migrated 1000 friendship history records (offset: 692000)
Migrated 1000 friendship history records (offset: 693000)
Migrated 1000 friendship history records (offset: 694000)
Migrated 1000 friendship history records (offset: 695000)
Migrated 1000 friendship history records (offset: 696000)
Migrated 1000 friendship history records (offset: 697000)
Migrated 1000 friendship history records (offset: 698000)
Migrated 1000 friendship history records (offset: 699000)
Migrated 1000 friendship history records (offset: 700000)
Migrated 1000 friendship history records (offset: 701000)
Migrated 1000 friendship history records (offset: 702000)
Migrated 1000 friendship history records (offset: 703000)
Migrated 1000 friendship history records (offset: 704000)
Migrated 1000 friendship history records (offset: 705000)
Migrated 1000 friendship history records (offset: 706000)
Migrated 1000 friendship history records (offset: 707000)
Migrated 1000 friendship history records (offset: 708000)
Migrated 1000 friendship history records (offset: 709000)
Migrated 1000 friendship history records (offset: 710000)
Migrated 1000 friendship history records (offset: 711000)
Migrated 1000 friendship history records (offset: 712000)
Migrated 1000 friendship history records (offset: 713000)
Migrated 1000 friendship history records (offset: 714000)
Migrated 1000 friendship history records (offset: 715000)
Migrated 1000 friendship history records (offset: 716000)
Migrated 1000 friendship history records (offset: 717000)
Migrated 1000 friendship history records (offset: 718000)
Migrated 1000 friendship history records (offset: 719000)
Migrated 1000 friendship history records (offset: 720000)
Migrated 1000 friendship history records (offset: 721000)
Migrated 1000 friendship history records (offset: 722000)
Migrated 1000 friendship history records (offset: 723000)
Migrated 1000 friendship history records (offset: 724000)
Migrated 1000 friendship history records (offset: 725000)
Migrated 1000 friendship history records (offset: 726000)
Migrated 1000 friendship history records (offset: 727000)
Migrated 1000 friendship history records (offset: 728000)
Migrated 1000 friendship history records (offset: 729000)
Migrated 1000 friendship history records (offset: 730000)
Migrated 1000 friendship history records (offset: 731000)
Migrated 1000 friendship history records (offset: 732000)
Migrated 1000 friendship history records (offset: 733000)
Migrated 1000 friendship history records (offset: 734000)
Migrated 1000 friendship history records (offset: 735000)
Migrated 1000 friendship history records (offset: 736000)
Migrated 1000 friendship history records (offset: 737000)
Migrated 1000 friendship history records (offset: 738000)
Migrated 1000 friendship history records (offset: 739000)
Migrated 1000 friendship history records (offset: 740000)
Migrated 1000 friendship history records (offset: 741000)
Migrated 1000 friendship history records (offset: 742000)
Migrated 1000 friendship history records (offset: 743000)
Migrated 1000 friendship history records (offset: 744000)
Migrated 1000 friendship history records (offset: 745000)
Migrated 1000 friendship history records (offset: 746000)
Migrated 1000 friendship history records (offset: 747000)
Migrated 67 friendship history records (offset: 748000)
Friendship history migration completed.
Data migration completed.
Connections closed.
